# JRE version: Java(TM) SE Runtime Environment (15.0.2+7) (build 15.0.2+7-27)
# Java VM: Java HotSpot(TM) 64-Bit Server VM (15.0.2+7-27, mixed mode, sharing, tiered, compressed oops, g1 gc, bsd-amd64)
GC Precious Log:
 CPUs: 8 total, 8 available
 Memory: 8192M
 Large Page Support: Disabled
 NUMA Support: Disabled
 Compressed Oops: Enabled (Zero based)
 Heap Region Size: 1M
 Heap Min Capacity: 8M
 Heap Initial Capacity: 128M
 Heap Max Capacity: 2G
 Pre-touch: Disabled
 Parallel Workers: 8
 Concurrent Workers: 2
 Concurrent Refinement Workers: 8
 Periodic GC: Disabled
Heap:
 garbage-first heap   total 63488K, used 36921K [0x0000000780000000, 0x0000000800000000)
  region size 1024K, 12 young (12288K), 1 survivors (1024K)
 Metaspace       used 28577K, capacity 28931K, committed 29440K, reserved 1075200K
  class space    used 3448K, capacity 3541K, committed 3584K, reserved 1048576K
GC Heap History (20 events):
Event: 3.783 GC heap before
{Heap before GC invocations=5 (full 0):
 garbage-first heap   total 63488K, used 40958K [0x0000000780000000, 0x0000000800000000)
  region size 1024K, 22 young (22528K), 5 survivors (5120K)
 Metaspace       used 27822K, capacity 28149K, committed 28672K, reserved 1075200K
  class space    used 3438K, capacity 3539K, committed 3584K, reserved 1048576K
}
Event: 3.789 GC heap after
{Heap after GC invocations=6 (full 0):
 garbage-first heap   total 63488K, used 26724K [0x0000000780000000, 0x0000000800000000)
  region size 1024K, 3 young (3072K), 3 survivors (3072K)
 Metaspace       used 27822K, capacity 28149K, committed 28672K, reserved 1075200K
  class space    used 3438K, capacity 3539K, committed 3584K, reserved 1048576K
}
Event: 4.266 GC heap before
{Heap before GC invocations=6 (full 0):
 garbage-first heap   total 63488K, used 43108K [0x0000000780000000, 0x0000000800000000)
  region size 1024K, 19 young (19456K), 3 survivors (3072K)
 Metaspace       used 27883K, capacity 28161K, committed 28672K, reserved 1075200K
  class space    used 3441K, capacity 3541K, committed 3584K, reserved 1048576K
}
Event: 4.269 GC heap after
{Heap after GC invocations=7 (full 0):
 garbage-first heap   total 63488K, used 27070K [0x0000000780000000, 0x0000000800000000)
  region size 1024K, 1 young (1024K), 1 survivors (1024K)
 Metaspace       used 27883K, capacity 28161K, committed 28672K, reserved 1075200K
  class space    used 3441K, capacity 3541K, committed 3584K, reserved 1048576K
}
Event: 4.832 GC heap before
{Heap before GC invocations=7 (full 0):
 garbage-first heap   total 63488K, used 44478K [0x0000000780000000, 0x0000000800000000)
  region size 1024K, 18 young (18432K), 1 survivors (1024K)
 Metaspace       used 28032K, capacity 28353K, committed 28672K, reserved 1075200K
  class space    used 3444K, capacity 3541K, committed 3584K, reserved 1048576K
}
Event: 4.833 GC heap after
{Heap after GC invocations=8 (full 0):
 garbage-first heap   total 63488K, used 26742K [0x0000000780000000, 0x0000000800000000)
  region size 1024K, 1 young (1024K), 1 survivors (1024K)
 Metaspace       used 28032K, capacity 28353K, committed 28672K, reserved 1075200K
  class space    used 3444K, capacity 3541K, committed 3584K, reserved 1048576K
}
Event: 5.482 GC heap before
{Heap before GC invocations=9 (full 0):
 garbage-first heap   total 63488K, used 46198K [0x0000000780000000, 0x0000000800000000)
  region size 1024K, 20 young (20480K), 1 survivors (1024K)
 Metaspace       used 28079K, capacity 28353K, committed 28672K, reserved 1075200K
  class space    used 3444K, capacity 3541K, committed 3584K, reserved 1048576K
}
Event: 5.484 GC heap after
{Heap after GC invocations=10 (full 0):
 garbage-first heap   total 63488K, used 26688K [0x0000000780000000, 0x0000000800000000)
  region size 1024K, 1 young (1024K), 1 survivors (1024K)
 Metaspace       used 28079K, capacity 28353K, committed 28672K, reserved 1075200K
  class space    used 3444K, capacity 3541K, committed 3584K, reserved 1048576K
}
Event: 6.182 GC heap before
{Heap before GC invocations=10 (full 0):
 garbage-first heap   total 63488K, used 47168K [0x0000000780000000, 0x0000000800000000)
  region size 1024K, 21 young (21504K), 1 survivors (1024K)
 Metaspace       used 28137K, capacity 28482K, committed 28928K, reserved 1075200K
  class space    used 3444K, capacity 3541K, committed 3584K, reserved 1048576K
}
Event: 6.183 GC heap after
{Heap after GC invocations=11 (full 0):
 garbage-first heap   total 63488K, used 26679K [0x0000000780000000, 0x0000000800000000)
  region size 1024K, 1 young (1024K), 1 survivors (1024K)
 Metaspace       used 28137K, capacity 28482K, committed 28928K, reserved 1075200K
  class space    used 3444K, capacity 3541K, committed 3584K, reserved 1048576K
}
Event: 6.932 GC heap before
{Heap before GC invocations=12 (full 0):
 garbage-first heap   total 63488K, used 48183K [0x0000000780000000, 0x0000000800000000)
  region size 1024K, 22 young (22528K), 1 survivors (1024K)
 Metaspace       used 28182K, capacity 28547K, committed 28928K, reserved 1075200K
  class space    used 3444K, capacity 3541K, committed 3584K, reserved 1048576K
}
Event: 6.933 GC heap after
{Heap after GC invocations=13 (full 0):
 garbage-first heap   total 63488K, used 26680K [0x0000000780000000, 0x0000000800000000)
  region size 1024K, 1 young (1024K), 1 survivors (1024K)
 Metaspace       used 28182K, capacity 28547K, committed 28928K, reserved 1075200K
  class space    used 3444K, capacity 3541K, committed 3584K, reserved 1048576K
}
Event: 7.716 GC heap before
{Heap before GC invocations=13 (full 0):
 garbage-first heap   total 63488K, used 49208K [0x0000000780000000, 0x0000000800000000)
  region size 1024K, 23 young (23552K), 1 survivors (1024K)
 Metaspace       used 28261K, capacity 28611K, committed 28928K, reserved 1075200K
  class space    used 3444K, capacity 3541K, committed 3584K, reserved 1048576K
}
Event: 7.717 GC heap after
{Heap after GC invocations=14 (full 0):
 garbage-first heap   total 63488K, used 26673K [0x0000000780000000, 0x0000000800000000)
  region size 1024K, 1 young (1024K), 1 survivors (1024K)
 Metaspace       used 28261K, capacity 28611K, committed 28928K, reserved 1075200K
  class space    used 3444K, capacity 3541K, committed 3584K, reserved 1048576K
}
Event: 8.533 GC heap before
{Heap before GC invocations=15 (full 0):
 garbage-first heap   total 63488K, used 50225K [0x0000000780000000, 0x0000000800000000)
  region size 1024K, 24 young (24576K), 1 survivors (1024K)
 Metaspace       used 28326K, capacity 28611K, committed 28928K, reserved 1075200K
  class space    used 3448K, capacity 3541K, committed 3584K, reserved 1048576K
}
Event: 8.535 GC heap after
{Heap after GC invocations=16 (full 0):
 garbage-first heap   total 63488K, used 26682K [0x0000000780000000, 0x0000000800000000)
  region size 1024K, 1 young (1024K), 1 survivors (1024K)
 Metaspace       used 28326K, capacity 28611K, committed 28928K, reserved 1075200K
  class space    used 3448K, capacity 3541K, committed 3584K, reserved 1048576K
}
Event: 9.349 GC heap before
{Heap before GC invocations=16 (full 0):
 garbage-first heap   total 63488K, used 50234K [0x0000000780000000, 0x0000000800000000)
  region size 1024K, 24 young (24576K), 1 survivors (1024K)
 Metaspace       used 28417K, capacity 28739K, committed 29184K, reserved 1075200K
  class space    used 3448K, capacity 3541K, committed 3584K, reserved 1048576K
}
Event: 9.351 GC heap after
{Heap after GC invocations=17 (full 0):
 garbage-first heap   total 63488K, used 26685K [0x0000000780000000, 0x0000000800000000)
  region size 1024K, 1 young (1024K), 1 survivors (1024K)
 Metaspace       used 28417K, capacity 28739K, committed 29184K, reserved 1075200K
  class space    used 3448K, capacity 3541K, committed 3584K, reserved 1048576K
}
Event: 10.235 GC heap before
{Heap before GC invocations=18 (full 0):
 garbage-first heap   total 63488K, used 51261K [0x0000000780000000, 0x0000000800000000)
  region size 1024K, 25 young (25600K), 1 survivors (1024K)
 Metaspace       used 28477K, capacity 28803K, committed 29184K, reserved 1075200K
  class space    used 3448K, capacity 3541K, committed 3584K, reserved 1048576K
}
Event: 10.236 GC heap after
{Heap after GC invocations=19 (full 0):
 garbage-first heap   total 63488K, used 26681K [0x0000000780000000, 0x0000000800000000)
  region size 1024K, 1 young (1024K), 1 survivors (1024K)
 Metaspace       used 28477K, capacity 28803K, committed 29184K, reserved 1075200K
  class space    used 3448K, capacity 3541K, committed 3584K, reserved 1048576K
}

