# JRE version: Java(TM) SE Runtime Environment (15.0.2+7) (build 15.0.2+7-27)
# Java VM: Java HotSpot(TM) 64-Bit Server VM (15.0.2+7-27, mixed mode, sharing, tiered, compressed oops, g1 gc, bsd-amd64)
GC Precious Log:
 CPUs: 8 total, 8 available
 Memory: 8192M
 Large Page Support: Disabled
 NUMA Support: Disabled
 Compressed Oops: Enabled (Zero based)
 Heap Region Size: 1M
 Heap Min Capacity: 8M
 Heap Initial Capacity: 128M
 Heap Max Capacity: 2G
 Pre-touch: Disabled
 Parallel Workers: 8
 Concurrent Workers: 2
 Concurrent Refinement Workers: 8
 Periodic GC: Disabled
Heap:
 garbage-first heap   total 56320K, used 34268K [0x0000000780000000, 0x0000000800000000)
  region size 1024K, 10 young (10240K), 1 survivors (1024K)
 Metaspace       used 28299K, capacity 28587K, committed 28928K, reserved 1075200K
  class space    used 3432K, capacity 3533K, committed 3584K, reserved 1048576K
GC Heap History (20 events):
Event: 4.355 GC heap before
{Heap before GC invocations=8 (full 0):
 garbage-first heap   total 56320K, used 39773K [0x0000000780000000, 0x0000000800000000)
  region size 1024K, 14 young (14336K), 1 survivors (1024K)
 Metaspace       used 27632K, capacity 27977K, committed 28416K, reserved 1075200K
  class space    used 3423K, capacity 3501K, committed 3584K, reserved 1048576K
}
Event: 4.356 GC heap after
{Heap after GC invocations=9 (full 0):
 garbage-first heap   total 56320K, used 26116K [0x0000000780000000, 0x0000000800000000)
  region size 1024K, 1 young (1024K), 1 survivors (1024K)
 Metaspace       used 27632K, capacity 27977K, committed 28416K, reserved 1075200K
  class space    used 3423K, capacity 3501K, committed 3584K, reserved 1048576K
}
Event: 4.817 GC heap before
{Heap before GC invocations=9 (full 0):
 garbage-first heap   total 56320K, used 40452K [0x0000000780000000, 0x0000000800000000)
  region size 1024K, 15 young (15360K), 1 survivors (1024K)
 Metaspace       used 27710K, capacity 28073K, committed 28416K, reserved 1075200K
  class space    used 3426K, capacity 3533K, committed 3584K, reserved 1048576K
}
Event: 4.818 GC heap after
{Heap after GC invocations=10 (full 0):
 garbage-first heap   total 56320K, used 26042K [0x0000000780000000, 0x0000000800000000)
  region size 1024K, 1 young (1024K), 1 survivors (1024K)
 Metaspace       used 27710K, capacity 28073K, committed 28416K, reserved 1075200K
  class space    used 3426K, capacity 3533K, committed 3584K, reserved 1048576K
}
Event: 5.355 GC heap before
{Heap before GC invocations=11 (full 0):
 garbage-first heap   total 56320K, used 41402K [0x0000000780000000, 0x0000000800000000)
  region size 1024K, 16 young (16384K), 1 survivors (1024K)
 Metaspace       used 27824K, capacity 28137K, committed 28416K, reserved 1075200K
  class space    used 3426K, capacity 3533K, committed 3584K, reserved 1048576K
}
Event: 5.357 GC heap after
{Heap after GC invocations=12 (full 0):
 garbage-first heap   total 56320K, used 26048K [0x0000000780000000, 0x0000000800000000)
  region size 1024K, 1 young (1024K), 1 survivors (1024K)
 Metaspace       used 27824K, capacity 28137K, committed 28416K, reserved 1075200K
  class space    used 3426K, capacity 3533K, committed 3584K, reserved 1048576K
}
Event: 5.913 GC heap before
{Heap before GC invocations=12 (full 0):
 garbage-first heap   total 56320K, used 42432K [0x0000000780000000, 0x0000000800000000)
  region size 1024K, 17 young (17408K), 1 survivors (1024K)
 Metaspace       used 27858K, capacity 28201K, committed 28672K, reserved 1075200K
  class space    used 3426K, capacity 3533K, committed 3584K, reserved 1048576K
}
Event: 5.914 GC heap after
{Heap after GC invocations=13 (full 0):
 garbage-first heap   total 56320K, used 26041K [0x0000000780000000, 0x0000000800000000)
  region size 1024K, 1 young (1024K), 1 survivors (1024K)
 Metaspace       used 27858K, capacity 28201K, committed 28672K, reserved 1075200K
  class space    used 3426K, capacity 3533K, committed 3584K, reserved 1048576K
}
Event: 6.521 GC heap before
{Heap before GC invocations=14 (full 0):
 garbage-first heap   total 56320K, used 43449K [0x0000000780000000, 0x0000000800000000)
  region size 1024K, 18 young (18432K), 1 survivors (1024K)
 Metaspace       used 27878K, capacity 28202K, committed 28672K, reserved 1075200K
  class space    used 3426K, capacity 3533K, committed 3584K, reserved 1048576K
}
Event: 6.523 GC heap after
{Heap after GC invocations=15 (full 0):
 garbage-first heap   total 56320K, used 26043K [0x0000000780000000, 0x0000000800000000)
  region size 1024K, 1 young (1024K), 1 survivors (1024K)
 Metaspace       used 27878K, capacity 28202K, committed 28672K, reserved 1075200K
  class space    used 3426K, capacity 3533K, committed 3584K, reserved 1048576K
}
Event: 7.170 GC heap before
{Heap before GC invocations=15 (full 0):
 garbage-first heap   total 56320K, used 44475K [0x0000000780000000, 0x0000000800000000)
  region size 1024K, 19 young (19456K), 1 survivors (1024K)
 Metaspace       used 27956K, capacity 28267K, committed 28672K, reserved 1075200K
  class space    used 3429K, capacity 3533K, committed 3584K, reserved 1048576K
}
Event: 7.171 GC heap after
{Heap after GC invocations=16 (full 0):
 garbage-first heap   total 56320K, used 26065K [0x0000000780000000, 0x0000000800000000)
  region size 1024K, 1 young (1024K), 1 survivors (1024K)
 Metaspace       used 27956K, capacity 28267K, committed 28672K, reserved 1075200K
  class space    used 3429K, capacity 3533K, committed 3584K, reserved 1048576K
}
Event: 7.808 GC heap before
{Heap before GC invocations=17 (full 0):
 garbage-first heap   total 56320K, used 44497K [0x0000000780000000, 0x0000000800000000)
  region size 1024K, 19 young (19456K), 1 survivors (1024K)
 Metaspace       used 28043K, capacity 28331K, committed 28672K, reserved 1075200K
  class space    used 3429K, capacity 3533K, committed 3584K, reserved 1048576K
}
Event: 7.812 GC heap after
{Heap after GC invocations=18 (full 0):
 garbage-first heap   total 56320K, used 26064K [0x0000000780000000, 0x0000000800000000)
  region size 1024K, 1 young (1024K), 1 survivors (1024K)
 Metaspace       used 28043K, capacity 28331K, committed 28672K, reserved 1075200K
  class space    used 3429K, capacity 3533K, committed 3584K, reserved 1048576K
}
Event: 8.471 GC heap before
{Heap before GC invocations=18 (full 0):
 garbage-first heap   total 56320K, used 45520K [0x0000000780000000, 0x0000000800000000)
  region size 1024K, 20 young (20480K), 1 survivors (1024K)
 Metaspace       used 28125K, capacity 28459K, committed 28928K, reserved 1075200K
  class space    used 3432K, capacity 3533K, committed 3584K, reserved 1048576K
}
Event: 8.473 GC heap after
{Heap after GC invocations=19 (full 0):
 garbage-first heap   total 56320K, used 26073K [0x0000000780000000, 0x0000000800000000)
  region size 1024K, 1 young (1024K), 1 survivors (1024K)
 Metaspace       used 28125K, capacity 28459K, committed 28928K, reserved 1075200K
  class space    used 3432K, capacity 3533K, committed 3584K, reserved 1048576K
}
Event: 9.156 GC heap before
{Heap before GC invocations=20 (full 0):
 garbage-first heap   total 56320K, used 45529K [0x0000000780000000, 0x0000000800000000)
  region size 1024K, 20 young (20480K), 1 survivors (1024K)
 Metaspace       used 28126K, capacity 28459K, committed 28928K, reserved 1075200K
  class space    used 3432K, capacity 3533K, committed 3584K, reserved 1048576K
}
Event: 9.160 GC heap after
{Heap after GC invocations=21 (full 0):
 garbage-first heap   total 56320K, used 26071K [0x0000000780000000, 0x0000000800000000)
  region size 1024K, 1 young (1024K), 1 survivors (1024K)
 Metaspace       used 28126K, capacity 28459K, committed 28928K, reserved 1075200K
  class space    used 3432K, capacity 3533K, committed 3584K, reserved 1048576K
}
Event: 9.838 GC heap before
{Heap before GC invocations=21 (full 0):
 garbage-first heap   total 56320K, used 45527K [0x0000000780000000, 0x0000000800000000)
  region size 1024K, 20 young (20480K), 1 survivors (1024K)
 Metaspace       used 28203K, capacity 28523K, committed 28928K, reserved 1075200K
  class space    used 3432K, capacity 3533K, committed 3584K, reserved 1048576K
}
Event: 9.841 GC heap after
{Heap after GC invocations=22 (full 0):
 garbage-first heap   total 56320K, used 26076K [0x0000000780000000, 0x0000000800000000)
  region size 1024K, 1 young (1024K), 1 survivors (1024K)
 Metaspace       used 28203K, capacity 28523K, committed 28928K, reserved 1075200K
  class space    used 3432K, capacity 3533K, committed 3584K, reserved 1048576K
}

